<?xml version="1.0" encoding="UTF-8"?>
<!-- Generated by org.testng.reporters.JUnitReportReporter -->
<testsuite skipped="0" hostname="DESKTOP-VNUEGKJ" name="com.runner.TestRunnerClass" tests="13" failures="0" timestamp="13 Jul 2022 18:11:16 GMT" time="293.510" errors="0">
  <testcase name="runScenario" time="14.968" classname="com.runner.TestRunnerClass"/>
  <testcase name="runScenario" time="42.827" classname="com.runner.TestRunnerClass"/>
  <testcase name="runScenario" time="17.303" classname="com.runner.TestRunnerClass"/>
  <testcase name="runScenario" time="16.566" classname="com.runner.TestRunnerClass"/>
  <testcase name="runScenario" time="32.834" classname="com.runner.TestRunnerClass"/>
  <testcase name="runScenario" time="20.395" classname="com.runner.TestRunnerClass"/>
  <testcase name="runScenario" time="19.684" classname="com.runner.TestRunnerClass"/>
  <testcase name="runScenario" time="14.395" classname="com.runner.TestRunnerClass"/>
  <testcase name="runScenario" time="18.505" classname="com.runner.TestRunnerClass"/>
  <testcase name="runScenario" time="24.760" classname="com.runner.TestRunnerClass"/>
  <testcase name="runScenario" time="17.578" classname="com.runner.TestRunnerClass"/>
  <testcase name="runScenario" time="18.690" classname="com.runner.TestRunnerClass"/>
  <testcase name="runScenario" time="35.005" classname="com.runner.TestRunnerClass"/>
</testsuite> <!-- com.runner.TestRunnerClass -->
